<?xml version="1.0" encoding="UTF-8"?>
<testsuite xmlns:xsi="http://www.w3.org/2001/XMLSchema-instance" xsi:noNamespaceSchemaLocation="https://maven.apache.org/surefire/maven-surefire-plugin/xsd/surefire-test-report-3.0.xsd" version="3.0" name="io.github.hoangtuan2k5.dsa.math.easy.src.IntegerToRomanTest" time="0.002" tests="8" errors="0" skipped="0" failures="0">
  <properties>
[...]
</properties>
  <testcase name="testBasicCase1" classname="io.github.hoangtuan2k5.dsa.math.easy.src.IntegerToRomanTest" time="0.0"/>
  <testcase name="testBasicCase2" classname="io.github.hoangtuan2k5.dsa.math.easy.src.IntegerToRomanTest" time="0.0"/>
  <testcase name="testBasicCase3" classname="io.github.hoangtuan2k5.dsa.math.easy.src.IntegerToRomanTest" time="0.0"/>
  <testcase name="testRepeatedSymbols" classname="io.github.hoangtuan2k5.dsa.math.easy.src.IntegerToRomanTest" time="0.0"/>
  <testcase name="testMinValue" classname="io.github.hoangtuan2k5.dsa.math.easy.src.IntegerToRomanTest" time="0.0"/>
  <testcase name="testComplexNumbers" classname="io.github.hoangtuan2k5.dsa.math.easy.src.IntegerToRomanTest" time="0.0"/>
  <testcase name="testMaxValue" classname="io.github.hoangtuan2k5.dsa.math.easy.src.IntegerToRomanTest" time="0.0"/>
  <testcase name="testSubtractionCases" classname="io.github.hoangtuan2k5.dsa.math.easy.src.IntegerToRomanTest" time="0.0"/>
</testsuite>